2021-12-16 00:12:110 INFO  ManageDriver :30 - Launching Chrome Browser
2021-12-16 00:12:955 INFO  HomePage :30 - mouse hover on buy and sell : [[ChromeDriver: chrome on WINDOWS (703ec24f639493b33b234e04952c4fea)] -> xpath: //a[normalize-space()='buy + sell']]
2021-12-16 00:12:695 INFO  ManageDriver :30 - Launching Chrome Browser
2021-12-16 00:12:674 INFO  HomePage :30 - mouse hover on buy and sell : [[ChromeDriver: chrome on WINDOWS (ebbcfcd2faf64386ac45ae2ab9380938)] -> xpath: //a[normalize-space()='buy + sell']]
2021-12-16 00:12:136 INFO  ManageDriver :30 - Launching Chrome Browser
2021-12-16 00:12:823 INFO  HomePage :30 - mouse hover on buy and sell : [[ChromeDriver: chrome on WINDOWS (1072abd42ef94eec0c29a71b73b005ac)] -> xpath: //a[normalize-space()='buy + sell']]
2021-12-16 00:12:160 INFO  ManageDriver :30 - Launching Chrome Browser
2021-12-16 00:12:840 INFO  HomePage :30 - mouse hover on buy and sell : [[ChromeDriver: chrome on WINDOWS (5b82f67ac87b6ff217e345a612743e6d)] -> xpath: //a[normalize-space()='buy + sell']]
2021-12-16 00:12:376 INFO  ManageDriver :30 - Launching Chrome Browser
2021-12-16 00:12:504 INFO  HomePage :31 - mouse hover on buy and sell : [[ChromeDriver: chrome on WINDOWS (c5bc1d637ab2617a916b05868e53279c)] -> xpath: //a[normalize-space()='buy + sell']]
2021-12-16 00:12:260 INFO  ManageDriver :30 - Launching Chrome Browser
2021-12-16 00:12:942 INFO  HomePage :31 - mouse hover on buy and sell : [[ChromeDriver: chrome on WINDOWS (81e7a44cb88b53bb048ef47b9fffd796)] -> xpath: //a[normalize-space()='buy + sell']]
2021-12-16 00:12:745 INFO  ManageDriver :30 - Launching Chrome Browser
2021-12-16 00:12:57 INFO  HomePage :31 - mouse hover on buy and sell : [[ChromeDriver: chrome on WINDOWS (4b3e1da34cd949fa1542ab533e083991)] -> xpath: //a[normalize-space()='buy + sell']]
2021-12-16 00:12:960 INFO  ManageDriver :30 - Launching Chrome Browser
2021-12-16 00:12:959 INFO  HomePage :31 - mouse hover on buy and sell : [[ChromeDriver: chrome on WINDOWS (28c3f6639ac13067fe8ba26e7db74293)] -> xpath: //li[@class='uhf-menu-item uhf-dropdown-menu-toggle uhf-menu-buysell']]
2021-12-16 00:12:610 INFO  ManageDriver :30 - Launching Chrome Browser
2021-12-16 00:12:576 INFO  HomePage :31 - mouse hover on buy and sell : [[ChromeDriver: chrome on WINDOWS (baa1ba20b194c6732450478658cc61d8)] -> xpath: //li[@class='uhf-menu-item uhf-dropdown-menu-toggle uhf-menu-buysell']]
2021-12-16 00:12:593 INFO  ManageDriver :30 - Launching Chrome Browser
2021-12-16 00:12:866 INFO  HomePage :37 - mouse hover on buy and sell : [[ChromeDriver: chrome on WINDOWS (4723b2eb6fda7cc9aa1352af050dde7e)] -> xpath: //li[@class='uhf-menu-item uhf-dropdown-menu-toggle uhf-menu-buysell']]
2021-12-16 00:12:394 INFO  ManageDriver :30 - Launching Chrome Browser
2021-12-16 00:12:724 INFO  HomePage :37 - mouse hover on buy and sell : [[ChromeDriver: chrome on WINDOWS (cd73c2dd3b8e746c3e40aed2567bf847)] -> xpath: //a[text()='buy + sell']]
2021-12-16 00:12:676 INFO  ManageDriver :30 - Launching Chrome Browser
2021-12-16 00:12:599 INFO  HomePage :37 - mouse hover on buy and sell : [[ChromeDriver: chrome on WINDOWS (0a55db045ca4f1a9daa59d35a7b3e37d)] -> xpath: //a[text()='buy + sell']]
2021-12-16 00:12:193 INFO  ManageDriver :30 - Launching Chrome Browser
2021-12-16 00:12:373 INFO  HomePage :37 - mouse hover on buy and sell : [[ChromeDriver: chrome on WINDOWS (e7f2f166db549fb611c721da006f7af1)] -> xpath: //a[text()='buy + sell']]
2021-12-16 00:12:244 INFO  ManageDriver :30 - Launching Chrome Browser
2021-12-16 00:12:999 INFO  HomePage :37 - mouse hover on buy and sell : [[ChromeDriver: chrome on WINDOWS (7307ffa6e467d0253273c52e64e063fe)] -> xpath: //a[text()='buy + sell']]
2021-12-16 01:12:527 INFO  ManageDriver :30 - Launching Chrome Browser
2021-12-16 01:12:842 INFO  HomePage :37 - mouse hover on buy and sell : [[ChromeDriver: chrome on WINDOWS (efa184a0f6b4ccf7280fa109f6cfb54f)] -> xpath: //a[text()='buy + sell']]
2021-12-16 01:12:877 INFO  ManageDriver :30 - Launching Chrome Browser
2021-12-16 01:12:882 INFO  HomePage :37 - mouse hover on buy and sell : [[ChromeDriver: chrome on WINDOWS (423ecafce36285f7b8ebf1efe8828bf0)] -> xpath: //a[text()='buy + sell']]
2021-12-16 01:12:710 INFO  ManageDriver :30 - Launching Chrome Browser
2021-12-16 01:12:43 INFO  HomePage :37 - mouse hover on buy and sell : [[ChromeDriver: chrome on WINDOWS (6eb09e5f7ff5e8bedca2c4f36869572c)] -> xpath: //a[text()='buy + sell']]
2021-12-16 01:12:642 INFO  ManageDriver :30 - Launching Chrome Browser
2021-12-16 01:12:886 INFO  HomePage :37 - mouse hover on buy and sell : [[ChromeDriver: chrome on WINDOWS (19169a3b6a491aba45d556e3de19c32f)] -> xpath: //a[text()='buy + sell']]
2021-12-16 01:12:326 INFO  ManageDriver :30 - Launching Chrome Browser
2021-12-16 01:12:609 INFO  HomePage :37 - mouse hover on buy and sell : [[ChromeDriver: chrome on WINDOWS (92cabea2739bfca0a71502ec12ceadc7)] -> xpath: //a[text()='buy + sell']]
2021-12-16 01:12:744 INFO  ManageDriver :30 - Launching Chrome Browser
2021-12-16 01:12:297 INFO  HomePage :33 - mouse hover on buy and sell : [[ChromeDriver: chrome on WINDOWS (e2169594fa5bc2cd0d2da1298cb71e48)] -> xpath: //a[text()='buy + sell']]
2021-12-16 01:12:210 INFO  ManageDriver :30 - Launching Chrome Browser
2021-12-16 01:12:789 INFO  HomePage :33 - mouse hover on buy and sell : [[ChromeDriver: chrome on WINDOWS (95d6f89ed367186e8f667fa0a1059055)] -> xpath: //a[text()='buy + sell']]
2021-12-16 01:12:827 INFO  ManageDriver :30 - Launching Chrome Browser
2021-12-16 01:12:657 INFO  HomePage :33 - mouse hover on buy and sell : [[ChromeDriver: chrome on WINDOWS (a6eeaef97cd2ef5184ee85e40aa11baa)] -> xpath: //a[text()='buy + sell']]
2021-12-16 01:12:710 INFO  ManageDriver :30 - Launching Chrome Browser
2021-12-16 01:12:966 INFO  HomePage :33 - mouse hover on buy and sell : [[ChromeDriver: chrome on WINDOWS (e380c7f19afdf7cf19e3cb3956a34799)] -> xpath: //a[text()='buy + sell']]
2021-12-16 01:12:210 INFO  ManageDriver :30 - Launching Chrome Browser
2021-12-16 01:12:306 INFO  HomePage :33 - mouse hover on buy and sell : [[ChromeDriver: chrome on WINDOWS (ea14bd9f7433e2c4c28aeedf8348147a)] -> xpath: //a[text()='buy + sell']]
2021-12-16 01:12:560 INFO  ManageDriver :30 - Launching Chrome Browser
2021-12-16 01:12:656 INFO  HomePage :33 - mouse hover on buy and sell : [[ChromeDriver: chrome on WINDOWS (4de7f5bff64e72e2a7568e2af9e96d3f)] -> xpath: //a[text()='buy + sell']]
2021-12-16 02:12:827 INFO  ManageDriver :30 - Launching Chrome Browser
2021-12-16 02:12:936 INFO  HomePage :33 - mouse hover on buy and sell : [[ChromeDriver: chrome on WINDOWS (6906a1e19ca9bbd2b3b24583c92f0f06)] -> xpath: //a[text()='buy + sell']]
2021-12-16 02:12:263 INFO  ManageDriver :30 - Launching Chrome Browser
2021-12-16 02:12:958 INFO  HomePage :33 - mouse hover on buy and sell : [[ChromeDriver: chrome on WINDOWS (24ba3911d72aba6b3ace9a3fe4470189)] -> xpath: //a[text()='buy + sell']]
2021-12-16 02:12:173 INFO  ManageDriver :30 - Launching Chrome Browser
2021-12-16 02:12:792 INFO  HomePage :33 - mouse hover on buy and sell : [[ChromeDriver: chrome on WINDOWS (04d6956ac2a52bff79ed53c935399923)] -> xpath: //a[text()='buy + sell']]
2021-12-16 02:12:355 INFO  ManageDriver :30 - Launching Chrome Browser
2021-12-16 02:12:859 INFO  HomePage :33 - mouse hover on buy and sell : [[ChromeDriver: chrome on WINDOWS (ed017182282605b4b7b0b73d81c2b43a)] -> xpath: //a[text()='buy + sell']]
2021-12-16 02:12:315 INFO  ManageDriver :30 - Launching Chrome Browser
2021-12-16 02:12:653 INFO  HomePage :33 - mouse hover on buy and sell : [[ChromeDriver: chrome on WINDOWS (40d7278b3e0fd467c4a941362c42f9f1)] -> xpath: //a[text()='buy + sell']]
2021-12-16 02:12:299 INFO  ManageDriver :30 - Launching Chrome Browser
2021-12-16 02:12:783 INFO  HomePage :33 - mouse hover on buy and sell : [[ChromeDriver: chrome on WINDOWS (0effbc08cdaf2d4c7089c81a2f5e3e00)] -> xpath: //a[text()='buy + sell']]
2021-12-16 02:12:27 INFO  ManageDriver :30 - Launching Chrome Browser
2021-12-16 02:12:858 INFO  HomePage :33 - mouse hover on buy and sell : [[ChromeDriver: chrome on WINDOWS (c156b75dc540f69159339ec2378f166c)] -> xpath: //a[text()='buy + sell']]
2021-12-16 02:12:485 INFO  ManageDriver :30 - Launching Chrome Browser
2021-12-16 02:12:11 INFO  HomePage :33 - mouse hover on buy and sell : [[ChromeDriver: chrome on WINDOWS (171bdb48133eeebca4aec4eca54117fe)] -> xpath: //a[text()='buy + sell']]
2021-12-16 02:12:388 INFO  ManageDriver :30 - Launching Chrome Browser
2021-12-16 02:12:759 INFO  HomePage :33 - mouse hover on buy and sell : [[ChromeDriver: chrome on WINDOWS (b8305c2a22709b9e2906afc5f83f5987)] -> xpath: //a[text()='buy + sell']]
2021-12-16 02:12:443 INFO  ManageDriver :30 - Launching Chrome Browser
2021-12-16 02:12:204 INFO  HomePage :33 - mouse hover on buy and sell : [[ChromeDriver: chrome on WINDOWS (c934b44b62f76b1b5c1e70ae462e962b)] -> xpath: //a[text()='buy + sell']]
2021-12-16 02:12:175 INFO  ManageDriver :30 - Launching Chrome Browser
2021-12-16 02:12:710 INFO  ManageDriver :30 - Launching Chrome Browser
2021-12-16 02:12:606 INFO  HomePage :33 - mouse hover on buy and sell : [[ChromeDriver: chrome on WINDOWS (6858e7996e435a4b8d9fb2c852cfef0c)] -> xpath: //a[text()='buy + sell']]
2021-12-16 02:12:464 INFO  ManageDriver :30 - Launching Chrome Browser
2021-12-16 02:12:975 INFO  HomePage :33 - mouse hover on buy and sell : [[ChromeDriver: chrome on WINDOWS (c5035615fd137ec43905f001b42af169)] -> xpath: //a[text()='buy + sell']]
2021-12-16 02:12:191 INFO  ManageDriver :30 - Launching Chrome Browser
2021-12-16 02:12:640 INFO  HomePage :33 - mouse hover on buy and sell : [[ChromeDriver: chrome on WINDOWS (ebfd5c6cdce083151673c6f4cf3f1959)] -> xpath: //a[text()='buy + sell']]
2021-12-16 02:12:339 INFO  ManageDriver :30 - Launching Chrome Browser
2021-12-16 02:12:107 INFO  HomePage :33 - mouse hover on buy and sell : [[ChromeDriver: chrome on WINDOWS (e97ae760b6741009f99e5915d1b7c1a9)] -> xpath: //a[text()='buy + sell']]
2021-12-16 02:12:488 INFO  ManageDriver :30 - Launching Chrome Browser
2021-12-16 02:12:174 INFO  HomePage :33 - mouse hover on buy and sell : [[ChromeDriver: chrome on WINDOWS (6e5943f91f1a84488b080092e842094c)] -> xpath: //a[text()='buy + sell']]
2021-12-16 02:12:337 INFO  ManageDriver :30 - Launching Chrome Browser
2021-12-16 02:12:256 INFO  HomePage :33 - mouse hover on buy and sell : [[ChromeDriver: chrome on WINDOWS (f852ec0e23e854bb5669986890b56dee)] -> xpath: //a[text()='buy + sell']]
2021-12-16 02:12:08 INFO  ManageDriver :30 - Launching Chrome Browser
2021-12-16 02:12:972 INFO  HomePage :33 - mouse hover on buy and sell : [[ChromeDriver: chrome on WINDOWS (6e3ee2471929876af7e9da66d6ab65cd)] -> xpath: //a[text()='buy + sell']]
2021-12-16 02:12:880 INFO  ManageDriver :30 - Launching Chrome Browser
2021-12-16 02:12:292 INFO  ManageDriver :30 - Launching Chrome Browser
2021-12-16 02:12:82 INFO  HomePage :33 - mouse hover on buy and sell : [[ChromeDriver: chrome on WINDOWS (5f49f5dd0351554414abcc0df56b32c3)] -> xpath: //a[text()='buy + sell']]
2021-12-16 02:12:773 INFO  ManageDriver :30 - Launching Chrome Browser
2021-12-16 02:12:403 INFO  HomePage :33 - mouse hover on buy and sell : [[ChromeDriver: chrome on WINDOWS (e6c8fc9576523a0851d51ec8403180bc)] -> xpath: //a[text()='buy + sell']]
2021-12-16 02:12:806 INFO  ManageDriver :30 - Launching Chrome Browser
2021-12-16 02:12:752 INFO  HomePage :33 - mouse hover on buy and sell : [[ChromeDriver: chrome on WINDOWS (c8a7f23a44fd2092b223166e37747ea6)] -> xpath: //a[text()='buy + sell']]
2021-12-16 02:12:167 INFO  ManageDriver :30 - Launching Chrome Browser
2021-12-16 02:12:681 INFO  HomePage :33 - mouse hover on buy and sell : [[ChromeDriver: chrome on WINDOWS (9cd99ae85a3747311a01efdcefafdba2)] -> xpath: //a[text()='buy + sell']]
2021-12-16 02:12:835 INFO  ManageDriver :30 - Launching Chrome Browser
2021-12-16 02:12:70 INFO  HomePage :33 - mouse hover on buy and sell : [[ChromeDriver: chrome on WINDOWS (b3827382db93ef85b98ab0c5f6b6537c)] -> xpath: //a[text()='buy + sell']]
2021-12-16 02:12:967 INFO  ManageDriver :30 - Launching Chrome Browser
2021-12-16 02:12:51 INFO  HomePage :33 - mouse hover on buy and sell : [[ChromeDriver: chrome on WINDOWS (90ccd03ca95a849f74987bc03aa7a200)] -> xpath: //a[text()='buy + sell']]
2021-12-16 02:12:900 INFO  ManageDriver :30 - Launching Chrome Browser
2021-12-16 02:12:185 INFO  HomePage :33 - mouse hover on buy and sell : [[ChromeDriver: chrome on WINDOWS (47536168a06f1a1338bc9ba17f78e28e)] -> xpath: //a[text()='buy + sell']]
2021-12-16 02:12:138 INFO  ManageDriver :30 - Launching Chrome Browser
2021-12-16 02:12:259 INFO  HomePage :33 - mouse hover on buy and sell : [[ChromeDriver: chrome on WINDOWS (2f914519255dbe10c5c4cf5cd29cdf72)] -> xpath: //a[text()='buy + sell']]
2021-12-16 02:12:741 INFO  ManageDriver :30 - Launching Chrome Browser
2021-12-16 02:12:651 INFO  HomePage :33 - mouse hover on buy and sell : [[ChromeDriver: chrome on WINDOWS (3c4caf3e1a31351e0211c85f56c6bc10)] -> xpath: //a[text()='buy + sell']]
2021-12-16 02:12:859 INFO  ManageDriver :30 - Launching Chrome Browser
2021-12-16 02:12:222 INFO  HomePage :33 - mouse hover on buy and sell : [[ChromeDriver: chrome on WINDOWS (94ee0d5498ebedea1117af2985c59a2b)] -> xpath: //a[text()='buy + sell']]
2021-12-16 02:12:335 INFO  ManageDriver :30 - Launching Chrome Browser
2021-12-16 02:12:180 INFO  HomePage :33 - mouse hover on buy and sell : [[ChromeDriver: chrome on WINDOWS (9c5bf6de13186e92e8dc52ab06a2cd6a)] -> xpath: //a[text()='buy + sell']]
2021-12-16 02:12:966 INFO  ManageDriver :30 - Launching Chrome Browser
2021-12-16 02:12:421 INFO  HomePage :33 - mouse hover on buy and sell : [[ChromeDriver: chrome on WINDOWS (9cf86d8e54fce3fc5d8e0f5ed2593305)] -> xpath: //a[text()='buy + sell']]
2021-12-16 02:12:869 INFO  ManageDriver :30 - Launching Chrome Browser
2021-12-16 02:12:666 INFO  HomePage :33 - mouse hover on buy and sell : [[ChromeDriver: chrome on WINDOWS (3bba496010cd21df09c8b36ab7017b67)] -> xpath: //a[text()='buy + sell']]
2021-12-16 02:12:646 INFO  ManageDriver :30 - Launching Chrome Browser
2021-12-16 02:12:135 INFO  HomePage :33 - mouse hover on buy and sell : [[ChromeDriver: chrome on WINDOWS (c0a8f5ed122d18266d1bff375dee0695)] -> xpath: //a[text()='buy + sell']]
2021-12-16 02:12:724 INFO  ManageDriver :30 - Launching Chrome Browser
2021-12-16 02:12:183 INFO  HomePage :33 - mouse hover on buy and sell : [[ChromeDriver: chrome on WINDOWS (42dceaa7877d9e012e980f5f21e74b53)] -> xpath: //a[text()='buy + sell']]
2021-12-16 02:12:870 INFO  ManageDriver :30 - Launching Chrome Browser
2021-12-16 02:12:468 INFO  HomePage :33 - mouse hover on buy and sell : [[ChromeDriver: chrome on WINDOWS (56ee3f6722363ccf5aa2edca554c434a)] -> xpath: //a[text()='buy + sell']]
2021-12-16 02:12:840 INFO  ManageDriver :30 - Launching Chrome Browser
2021-12-16 02:12:319 INFO  HomePage :33 - mouse hover on buy and sell : [[ChromeDriver: chrome on WINDOWS (872c779cfaf0c1683a1f3c49b0b06b9c)] -> xpath: //a[text()='buy + sell']]
2021-12-16 02:12:987 INFO  ManageDriver :30 - Launching Chrome Browser
2021-12-16 02:12:589 INFO  HomePage :33 - mouse hover on buy and sell : [[ChromeDriver: chrome on WINDOWS (0805d477bf15e17bba51eacb34f1efd5)] -> xpath: //a[text()='buy + sell']]
2021-12-16 02:12:497 INFO  ManageDriver :30 - Launching Chrome Browser
2021-12-16 02:12:458 INFO  HomePage :33 - mouse hover on buy and sell : [[ChromeDriver: chrome on WINDOWS (69483a5646faafd88cfe1003454d8a86)] -> xpath: //a[text()='buy + sell']]
2021-12-16 02:12:556 INFO  ManageDriver :30 - Launching Chrome Browser
2021-12-16 02:12:325 INFO  HomePage :33 - mouse hover on buy and sell : [[ChromeDriver: chrome on WINDOWS (22bc60c83c592da6154e356d19661fde)] -> xpath: //a[text()='buy + sell']]
2021-12-16 02:12:854 INFO  ManageDriver :30 - Launching Chrome Browser
2021-12-16 02:12:54 INFO  HomePage :33 - mouse hover on buy and sell : [[ChromeDriver: chrome on WINDOWS (8729efcdbdcc661fcfc2e8d70d9a44ff)] -> xpath: //a[text()='buy + sell']]
2021-12-16 02:12:738 INFO  ManageDriver :30 - Launching Chrome Browser
2021-12-16 02:12:225 INFO  HomePage :33 - mouse hover on buy and sell : [[ChromeDriver: chrome on WINDOWS (cf1d46b7bd0e7a0136ec3253377ba5b1)] -> xpath: //a[text()='buy + sell']]
2021-12-16 02:12:966 INFO  ManageDriver :30 - Launching Chrome Browser
2021-12-16 02:12:557 INFO  HomePage :33 - mouse hover on buy and sell : [[ChromeDriver: chrome on WINDOWS (2f2207478ea839e0970ebac58986787f)] -> xpath: //a[text()='buy + sell']]
2021-12-16 02:12:565 INFO  ManageDriver :30 - Launching Chrome Browser
2021-12-16 02:12:935 INFO  HomePage :33 - mouse hover on buy and sell : [[ChromeDriver: chrome on WINDOWS (fcb6c8fc77894036a2b7a2d9d9c4e128)] -> xpath: //a[text()='buy + sell']]
2021-12-16 02:12:831 INFO  ManageDriver :30 - Launching Chrome Browser
2021-12-16 02:12:808 INFO  HomePage :33 - mouse hover on buy and sell : [[ChromeDriver: chrome on WINDOWS (9c5f89bc406ad28f3a59431f8fdf54d9)] -> xpath: //a[text()='buy + sell']]
2021-12-16 02:12:747 INFO  ManageDriver :30 - Launching Chrome Browser
2021-12-16 02:12:719 INFO  HomePage :33 - mouse hover on buy and sell : [[ChromeDriver: chrome on WINDOWS (25d11e2d7d385ddab552dcfd1d56d4ae)] -> xpath: //a[text()='buy + sell']]
2021-12-16 02:12:597 INFO  ManageDriver :30 - Launching Chrome Browser
2021-12-16 02:12:106 INFO  HomePage :33 - mouse hover on buy and sell : [[ChromeDriver: chrome on WINDOWS (a0e7f9be1bfbf458ec9e9686eed9d882)] -> xpath: //a[text()='buy + sell']]
2021-12-16 02:12:172 INFO  ManageDriver :30 - Launching Chrome Browser
2021-12-16 02:12:304 INFO  HomePage :33 - mouse hover on buy and sell : [[ChromeDriver: chrome on WINDOWS (0945361ce3a0764b76fa2867241e60fa)] -> xpath: //a[text()='buy + sell']]
2021-12-16 02:12:137 INFO  ManageDriver :30 - Launching Chrome Browser
2021-12-16 02:12:517 INFO  HomePage :33 - mouse hover on buy and sell : [[ChromeDriver: chrome on WINDOWS (e750e042203b53e7f8bd6ecdc72501e2)] -> xpath: //a[text()='buy + sell']]
2021-12-16 02:12:793 INFO  ManageDriver :30 - Launching Chrome Browser
2021-12-16 02:12:740 INFO  HomePage :33 - mouse hover on buy and sell : [[ChromeDriver: chrome on WINDOWS (07c56abf934bd8072e58474ec2c3f08d)] -> xpath: //a[text()='buy + sell']]
2021-12-16 02:12:749 INFO  ManageDriver :30 - Launching Chrome Browser
2021-12-16 02:12:776 INFO  HomePage :33 - mouse hover on buy and sell : [[ChromeDriver: chrome on WINDOWS (1c97f75fe38a520da1c1ccc0b589b5a0)] -> xpath: //a[text()='buy + sell']]
2021-12-16 02:12:771 INFO  ManageDriver :30 - Launching Chrome Browser
2021-12-16 02:12:430 INFO  HomePage :33 - mouse hover on buy and sell : [[ChromeDriver: chrome on WINDOWS (c18fd64b5d76b2952fab304ee2e9e608)] -> xpath: //a[text()='buy + sell']]
2021-12-16 02:12:957 INFO  ManageDriver :30 - Launching Chrome Browser
2021-12-16 02:12:436 INFO  HomePage :33 - mouse hover on buy and sell : [[ChromeDriver: chrome on WINDOWS (626d79692e5c48e1776b99fd587ef9a3)] -> xpath: //a[text()='buy + sell']]
2021-12-16 02:12:223 INFO  ManageDriver :30 - Launching Chrome Browser
2021-12-16 02:12:970 INFO  HomePage :33 - mouse hover on buy and sell : [[ChromeDriver: chrome on WINDOWS (5d490f733fe0151b80506031e5022974)] -> xpath: //a[text()='buy + sell']]
2021-12-16 02:12:842 INFO  ManageDriver :30 - Launching Chrome Browser
2021-12-16 02:12:884 INFO  HomePage :33 - mouse hover on buy and sell : [[ChromeDriver: chrome on WINDOWS (c9eaf322b7ec902a1e8728c351e3b322)] -> xpath: //a[text()='buy + sell']]
2021-12-16 03:12:660 INFO  ManageDriver :30 - Launching Chrome Browser
2021-12-16 03:12:159 INFO  HomePage :33 - mouse hover on buy and sell : [[ChromeDriver: chrome on WINDOWS (477597d23c545001132e9c45c5df5432)] -> xpath: //a[text()='buy + sell']]
2021-12-16 03:12:560 INFO  ManageDriver :30 - Launching Chrome Browser
2021-12-16 03:12:992 INFO  HomePage :33 - mouse hover on buy and sell : [[ChromeDriver: chrome on WINDOWS (758b0e619bacde9faafa07dd6954b94f)] -> xpath: //a[text()='buy + sell']]
2021-12-16 03:12:573 INFO  ManageDriver :30 - Launching Chrome Browser
2021-12-16 03:12:109 INFO  HomePage :33 - mouse hover on buy and sell : [[ChromeDriver: chrome on WINDOWS (23349a9c3f23fafe5dc68cabfba253f1)] -> xpath: //a[text()='buy + sell']]
2021-12-16 03:12:846 INFO  ManageDriver :30 - Launching Chrome Browser
2021-12-16 03:12:354 INFO  HomePage :33 - mouse hover on buy and sell : [[ChromeDriver: chrome on WINDOWS (43b53657e9f008bf341c6a18eeb8fa70)] -> xpath: //a[text()='buy + sell']]
2021-12-16 03:12:504 INFO  ManageDriver :30 - Launching Chrome Browser
2021-12-16 03:12:406 INFO  HomePage :33 - mouse hover on buy and sell : [[ChromeDriver: chrome on WINDOWS (626b08612c6680ea204e2b00a217d537)] -> xpath: //a[text()='buy + sell']]
2021-12-16 03:12:940 INFO  ManageDriver :30 - Launching Chrome Browser
2021-12-16 03:12:259 INFO  HomePage :33 - mouse hover on buy and sell : [[ChromeDriver: chrome on WINDOWS (9ad24432ba7b9286f9e1ae319220ed09)] -> xpath: //a[text()='buy + sell']]
2021-12-16 03:12:710 INFO  ManageDriver :30 - Launching Chrome Browser
2021-12-16 03:12:57 INFO  HomePage :33 - mouse hover on buy and sell : [[ChromeDriver: chrome on WINDOWS (3ed0269384f0d15725bce48e06e5cbe4)] -> xpath: //a[text()='buy + sell']]
2021-12-16 03:12:473 INFO  ManageDriver :30 - Launching Chrome Browser
2021-12-16 03:12:856 INFO  HomePage :33 - mouse hover on buy and sell : [[ChromeDriver: chrome on WINDOWS (2c4ea8078ab5a5ab8443ae6e2f7f70d5)] -> xpath: //a[text()='buy + sell']]
2021-12-16 03:12:83 INFO  ManageDriver :30 - Launching Chrome Browser
2021-12-16 03:12:177 INFO  ManageDriver :30 - Launching Chrome Browser
2021-12-16 03:12:471 INFO  HomePage :33 - mouse hover on buy and sell : [[ChromeDriver: chrome on WINDOWS (3c13cffdf2170962bb6f3feb78353ef5)] -> xpath: //a[text()='buy + sell']]
2021-12-16 03:12:890 INFO  ManageDriver :30 - Launching Chrome Browser
2021-12-16 03:12:786 INFO  HomePage :33 - mouse hover on buy and sell : [[ChromeDriver: chrome on WINDOWS (01128ff775ac1e532680c0e7c9c5a549)] -> xpath: //a[text()='buy + sell']]
2021-12-16 03:12:419 INFO  ManageDriver :30 - Launching Chrome Browser
2021-12-16 03:12:386 INFO  HomePage :33 - mouse hover on buy and sell : [[ChromeDriver: chrome on WINDOWS (f81bfbf65485f725b0f7308c87589b5f)] -> xpath: //a[text()='buy + sell']]
2021-12-16 03:12:325 INFO  ManageDriver :30 - Launching Chrome Browser
2021-12-16 03:12:189 INFO  HomePage :33 - mouse hover on buy and sell : [[ChromeDriver: chrome on WINDOWS (62318a04935f1185a8e70a0b65293454)] -> xpath: //a[text()='buy + sell']]
2021-12-16 03:12:142 INFO  ManageDriver :30 - Launching Chrome Browser
2021-12-16 03:12:652 INFO  ManageDriver :30 - Launching Chrome Browser
2021-12-16 03:12:923 INFO  HomePage :33 - mouse hover on buy and sell : [[ChromeDriver: chrome on WINDOWS (1872a6084a0865637a807d4e6377a042)] -> xpath: //a[text()='buy + sell']]
2021-12-16 03:12:294 INFO  ManageDriver :30 - Launching Chrome Browser
2021-12-16 03:12:371 INFO  HomePage :33 - mouse hover on buy and sell : [[ChromeDriver: chrome on WINDOWS (eab251a66e97d856023e36884ed1effd)] -> xpath: //a[text()='buy + sell']]
2021-12-16 03:12:243 INFO  ManageDriver :30 - Launching Chrome Browser
2021-12-16 03:12:256 INFO  HomePage :33 - mouse hover on buy and sell : [[ChromeDriver: chrome on WINDOWS (842caa3177530c168167b34ec9ada8c3)] -> xpath: //a[text()='buy + sell']]
2021-12-16 03:12:233 INFO  ManageDriver :30 - Launching Chrome Browser
2021-12-16 03:12:68 INFO  HomePage :33 - mouse hover on buy and sell : [[ChromeDriver: chrome on WINDOWS (8dedf643a911c8a08a0fb9c4ad1fbe39)] -> xpath: //a[text()='buy + sell']]
2021-12-16 03:12:933 INFO  ManageDriver :30 - Launching Chrome Browser
2021-12-16 03:12:760 INFO  ManageDriver :30 - Launching Chrome Browser
2021-12-16 03:12:601 INFO  HomePage :33 - mouse hover on buy and sell : [[ChromeDriver: chrome on WINDOWS (0c6000f01b3676bbfeebd932ebc024f9)] -> xpath: //a[text()='buy + sell']]
2021-12-16 03:12:10 INFO  ManageDriver :30 - Launching Chrome Browser
2021-12-16 03:12:438 INFO  HomePage :33 - mouse hover on buy and sell : [[ChromeDriver: chrome on WINDOWS (507c8df218584de773de125a819373d4)] -> xpath: //a[text()='buy + sell']]
2021-12-16 03:12:394 INFO  ManageDriver :30 - Launching Chrome Browser
2021-12-16 03:12:672 INFO  HomePage :33 - mouse hover on buy and sell : [[ChromeDriver: chrome on WINDOWS (224a5fec9190ec7dca73e3e11626ef89)] -> xpath: //a[text()='buy + sell']]
2021-12-16 03:12:677 INFO  ManageDriver :30 - Launching Chrome Browser
2021-12-16 03:12:137 INFO  HomePage :33 - mouse hover on buy and sell : [[ChromeDriver: chrome on WINDOWS (45821989db31a0521a2b14db6fdfa88a)] -> xpath: //a[text()='buy + sell']]
2021-12-16 03:12:427 INFO  ManageDriver :30 - Launching Chrome Browser
2021-12-16 03:12:767 INFO  HomePage :33 - mouse hover on buy and sell : [[ChromeDriver: chrome on WINDOWS (1f30d9adbc0bb63087a821433dc3db01)] -> xpath: //a[text()='buy + sell']]
2021-12-16 03:12:243 INFO  ManageDriver :30 - Launching Chrome Browser
2021-12-16 03:12:925 INFO  HomePage :33 - mouse hover on buy and sell : [[ChromeDriver: chrome on WINDOWS (ed4db3b4a5e987f3e16ffc085c9dbd1c)] -> xpath: //a[text()='buy + sell']]
2021-12-16 03:12:748 INFO  ManageDriver :30 - Launching Chrome Browser
2021-12-16 03:12:690 INFO  HomePage :33 - mouse hover on buy and sell : [[ChromeDriver: chrome on WINDOWS (21de7921594fe9b3d97fbe2f8c408fa8)] -> xpath: //a[text()='buy + sell']]
2021-12-16 03:12:634 INFO  ManageDriver :30 - Launching Chrome Browser
2021-12-16 03:12:700 INFO  HomePage :33 - mouse hover on buy and sell : [[ChromeDriver: chrome on WINDOWS (23afeb91d8a39155ff88b9b84fc0681a)] -> xpath: //a[text()='buy + sell']]
2021-12-16 03:12:567 INFO  ManageDriver :30 - Launching Chrome Browser
2021-12-16 03:12:891 INFO  HomePage :33 - mouse hover on buy and sell : [[ChromeDriver: chrome on WINDOWS (88790c5caf60c9e652873c89951ed224)] -> xpath: //a[text()='buy + sell']]
2021-12-16 03:12:927 INFO  ManageDriver :30 - Launching Chrome Browser
2021-12-16 03:12:137 INFO  HomePage :33 - mouse hover on buy and sell : [[ChromeDriver: chrome on WINDOWS (5c5aac264eea4e5da01401a40a94409e)] -> xpath: //a[text()='buy + sell']]
2021-12-16 03:12:125 INFO  ManageDriver :30 - Launching Chrome Browser
2021-12-16 03:12:620 INFO  HomePage :33 - mouse hover on buy and sell : [[ChromeDriver: chrome on WINDOWS (b181a12e407d7f0d4ece9dfdd552b2ed)] -> xpath: //a[text()='buy + sell']]
2021-12-16 03:12:593 INFO  ManageDriver :30 - Launching Chrome Browser
2021-12-16 03:12:791 INFO  HomePage :33 - mouse hover on buy and sell : [[ChromeDriver: chrome on WINDOWS (c6b973e3c9436354b751b06ed737d36f)] -> xpath: //a[text()='buy + sell']]
2021-12-16 11:12:254 INFO  ManageDriver :30 - Launching Chrome Browser
2021-12-16 11:12:757 INFO  HomePage :32 - mouse hover on buy and sell : [[ChromeDriver: chrome on WINDOWS (bc9d4a7830abcb1545f33d33ce3ceed6)] -> xpath: //a[text()='buy + sell']]
2021-12-16 11:12:515 INFO  HomePage :37 - click on search cars : Find a Dealer
2021-12-16 11:12:334 INFO  ManageDriver :30 - Launching Chrome Browser
2021-12-16 11:12:724 INFO  HomePage :32 - mouse hover on buy and sell : [[ChromeDriver: chrome on WINDOWS (ece5c9abf36edaae1bd7d6adf2c0d14a)] -> xpath: //a[text()='buy + sell']]
2021-12-16 11:12:150 INFO  HomePage :37 - click on search cars : Find a Dealer
2021-12-16 11:12:533 INFO  ManageDriver :30 - Launching Chrome Browser
2021-12-16 11:12:874 INFO  HomePage :32 - mouse hover on buy and sell : [[ChromeDriver: chrome on WINDOWS (c57f76fa016097de79070a5843b42fb6)] -> xpath: //a[text()='buy + sell']]
2021-12-16 11:12:320 INFO  HomePage :37 - click on search cars : Find a Dealer
2021-12-16 11:12:564 INFO  ManageDriver :30 - Launching Chrome Browser
2021-12-16 11:12:681 INFO  HomePage :32 - mouse hover on buy and sell : [[ChromeDriver: chrome on WINDOWS (aa2d87cd5238424f8323202604c1cfb3)] -> xpath: //a[text()='buy + sell']]
2021-12-16 11:12:699 INFO  HomePage :37 - click on search cars : Find a Dealer
2021-12-16 11:12:827 INFO  ManageDriver :30 - Launching Chrome Browser
2021-12-16 11:12:826 INFO  HomePage :32 - mouse hover on buy and sell : [[ChromeDriver: chrome on WINDOWS (7eb97c40018f62d95e236ac82c01b132)] -> xpath: //a[text()='buy + sell']]
2021-12-16 11:12:403 INFO  HomePage :37 - click on search cars : Find a Dealer
2021-12-16 11:12:585 INFO  ManageDriver :30 - Launching Chrome Browser
2021-12-16 11:12:877 INFO  HomePage :32 - mouse hover on buy and sell : [[ChromeDriver: chrome on WINDOWS (1f1963fcd71f1c35dd6ca57c78d08afa)] -> xpath: //a[text()='buy + sell']]
2021-12-16 11:12:333 INFO  HomePage :37 - click on search cars : Find a Dealer
2021-12-16 11:12:861 INFO  ManageDriver :30 - Launching Chrome Browser
2021-12-16 11:12:867 INFO  HomePage :32 - mouse hover on buy and sell : [[ChromeDriver: chrome on WINDOWS (cd216f31370d6861fc8481a7ea532ec9)] -> xpath: //a[text()='buy + sell']]
2021-12-16 11:12:248 INFO  HomePage :37 - click on search cars : Search Cars
2021-12-16 11:12:611 INFO  NewAndUsedCarSearchPage :47 - select make : Audi
2021-12-16 11:12:872 INFO  NewAndUsedCarSearchPage :52 - select model : A4
2021-12-16 11:12:684 INFO  NewAndUsedCarSearchPage :57 - selecting location : Perth
2021-12-16 11:12:72 INFO  NewAndUsedCarSearchPage :62 - selecting max price : 15,000
2021-12-16 11:12:195 INFO  NewAndUsedCarSearchPage :67 - clicking om find my next car : [[ChromeDriver: chrome on WINDOWS (cd216f31370d6861fc8481a7ea532ec9)] -> id: search-submit]
2021-12-16 11:12:530 INFO  SearchForCarsPage :29 - verifying search results : [[ChromeDriver: chrome on WINDOWS (cd216f31370d6861fc8481a7ea532ec9)] -> css selector: .listing-search-title]
2021-12-16 11:12:364 INFO  ManageDriver :30 - Launching Chrome Browser
2021-12-16 11:12:749 INFO  HomePage :32 - mouse hover on buy and sell : [[ChromeDriver: chrome on WINDOWS (759d3994c31aedb6106673e6e1013002)] -> xpath: //a[text()='buy + sell']]
2021-12-16 11:12:201 INFO  HomePage :37 - click on search cars : Search Cars
2021-12-16 11:12:572 INFO  NewAndUsedCarSearchPage :47 - select make : Honda
2021-12-16 11:12:702 INFO  NewAndUsedCarSearchPage :52 - select model : Accord
2021-12-16 11:12:798 INFO  NewAndUsedCarSearchPage :57 - selecting location : All
2021-12-16 11:12:164 INFO  NewAndUsedCarSearchPage :62 - selecting max price : 7,500
2021-12-16 11:12:719 INFO  NewAndUsedCarSearchPage :67 - clicking om find my next car : [[ChromeDriver: chrome on WINDOWS (759d3994c31aedb6106673e6e1013002)] -> id: search-submit]
2021-12-16 11:12:54 INFO  SearchForCarsPage :29 - verifying search results : [[ChromeDriver: chrome on WINDOWS (759d3994c31aedb6106673e6e1013002)] -> css selector: .listing-search-title]
2021-12-16 11:12:865 INFO  ManageDriver :30 - Launching Chrome Browser
2021-12-16 11:12:416 INFO  HomePage :32 - mouse hover on buy and sell : [[ChromeDriver: chrome on WINDOWS (fb6899f0b2d208805b8829d0a1f0ecc4)] -> xpath: //a[text()='buy + sell']]
2021-12-16 11:12:243 INFO  HomePage :37 - click on search cars : Search Cars
2021-12-16 11:12:623 INFO  NewAndUsedCarSearchPage :47 - select make : Mitsubishi
2021-12-16 11:12:760 INFO  NewAndUsedCarSearchPage :52 - select model : Lancer
2021-12-16 11:12:623 INFO  NewAndUsedCarSearchPage :57 - selecting location : New England
2021-12-16 11:12:31 INFO  NewAndUsedCarSearchPage :62 - selecting max price : 40,000
2021-12-16 11:12:252 INFO  NewAndUsedCarSearchPage :67 - clicking om find my next car : [[ChromeDriver: chrome on WINDOWS (fb6899f0b2d208805b8829d0a1f0ecc4)] -> id: search-submit]
2021-12-16 11:12:587 INFO  SearchForCarsPage :29 - verifying search results : [[ChromeDriver: chrome on WINDOWS (fb6899f0b2d208805b8829d0a1f0ecc4)] -> css selector: .listing-search-title]
2021-12-16 11:12:520 INFO  ManageDriver :30 - Launching Chrome Browser
2021-12-16 11:12:871 INFO  HomePage :32 - mouse hover on buy and sell : [[ChromeDriver: chrome on WINDOWS (f71060a2ebcf823052b8e96e9c8d2e77)] -> xpath: //a[text()='buy + sell']]
2021-12-16 11:12:331 INFO  HomePage :37 - click on search cars : Search Cars
2021-12-16 11:12:723 INFO  NewAndUsedCarSearchPage :47 - select make : Mini
2021-12-16 11:12:865 INFO  NewAndUsedCarSearchPage :52 - select model : Cooper
2021-12-16 11:12:930 INFO  NewAndUsedCarSearchPage :57 - selecting location : All
2021-12-16 11:12:296 INFO  NewAndUsedCarSearchPage :62 - selecting max price : 30,000
2021-12-16 11:12:572 INFO  NewAndUsedCarSearchPage :67 - clicking om find my next car : [[ChromeDriver: chrome on WINDOWS (f71060a2ebcf823052b8e96e9c8d2e77)] -> id: search-submit]
2021-12-16 11:12:789 INFO  SearchForCarsPage :29 - verifying search results : [[ChromeDriver: chrome on WINDOWS (f71060a2ebcf823052b8e96e9c8d2e77)] -> css selector: .listing-search-title]
2021-12-16 11:12:566 INFO  ManageDriver :30 - Launching Chrome Browser
2021-12-16 11:12:53 INFO  HomePage :32 - mouse hover on buy and sell : [[ChromeDriver: chrome on WINDOWS (66193d47633d076646a4ef88b152c476)] -> xpath: //a[text()='buy + sell']]
2021-12-16 11:12:418 INFO  HomePage :37 - click on search cars : Search Cars
2021-12-16 11:12:779 INFO  NewAndUsedCarSearchPage :47 - select make : Maserati
2021-12-16 11:12:915 INFO  NewAndUsedCarSearchPage :52 - select model : 3200
2021-12-16 11:12:737 INFO  NewAndUsedCarSearchPage :57 - selecting location : Melbourne
2021-12-16 11:12:72 INFO  NewAndUsedCarSearchPage :62 - selecting max price : 90,000
2021-12-16 11:12:346 INFO  NewAndUsedCarSearchPage :67 - clicking om find my next car : [[ChromeDriver: chrome on WINDOWS (66193d47633d076646a4ef88b152c476)] -> id: search-submit]
2021-12-16 11:12:639 INFO  SearchForCarsPage :29 - verifying search results : [[ChromeDriver: chrome on WINDOWS (66193d47633d076646a4ef88b152c476)] -> css selector: .listing-search-title]
2021-12-16 11:12:586 INFO  ManageDriver :30 - Launching Chrome Browser
2021-12-16 11:12:868 INFO  HomePage :32 - mouse hover on buy and sell : [[ChromeDriver: chrome on WINDOWS (4f706721173d4e49076254a33a0ba6bb)] -> xpath: //a[text()='buy + sell']]
2021-12-16 11:12:247 INFO  HomePage :37 - click on search cars : Search Cars
2021-12-16 11:12:504 INFO  NewAndUsedCarSearchPage :47 - select make : Ford
2021-12-16 11:12:786 INFO  NewAndUsedCarSearchPage :52 - select model : Fiesta
2021-12-16 11:12:589 INFO  NewAndUsedCarSearchPage :57 - selecting location : Sydney
2021-12-16 11:12:964 INFO  NewAndUsedCarSearchPage :62 - selecting max price : 20,000
2021-12-16 11:12:965 INFO  NewAndUsedCarSearchPage :67 - clicking om find my next car : [[ChromeDriver: chrome on WINDOWS (4f706721173d4e49076254a33a0ba6bb)] -> id: search-submit]
2021-12-16 11:12:317 INFO  SearchForCarsPage :29 - verifying search results : [[ChromeDriver: chrome on WINDOWS (4f706721173d4e49076254a33a0ba6bb)] -> css selector: .listing-search-title]
2021-12-16 11:12:188 INFO  ManageDriver :30 - Launching Chrome Browser
2021-12-16 11:12:673 INFO  HomePage :32 - mouse hover on buy and sell : [[ChromeDriver: chrome on WINDOWS (b43eeb22484ab9c1f6b5d404ebd49ca6)] -> xpath: //a[text()='buy + sell']]
2021-12-16 11:12:103 INFO  HomePage :37 - click on search cars : Used
2021-12-16 11:12:378 INFO  NewAndUsedCarSearchPage :47 - select make : Audi
2021-12-16 11:12:720 INFO  NewAndUsedCarSearchPage :52 - select model : A3
2021-12-16 11:12:564 INFO  NewAndUsedCarSearchPage :57 - selecting location : Perth
2021-12-16 11:12:54 INFO  NewAndUsedCarSearchPage :62 - selecting max price : 35,000
2021-12-16 11:12:649 INFO  NewAndUsedCarSearchPage :67 - clicking om find my next car : [[ChromeDriver: chrome on WINDOWS (b43eeb22484ab9c1f6b5d404ebd49ca6)] -> id: search-submit]
2021-12-16 11:12:972 INFO  SearchForCarsPage :29 - verifying search results : [[ChromeDriver: chrome on WINDOWS (b43eeb22484ab9c1f6b5d404ebd49ca6)] -> css selector: .listing-search-title]
2021-12-16 11:12:760 INFO  ManageDriver :30 - Launching Chrome Browser
2021-12-16 11:12:645 INFO  HomePage :32 - mouse hover on buy and sell : [[ChromeDriver: chrome on WINDOWS (0a0a8e73411a9ebdb2f1690b42ef0a68)] -> xpath: //a[text()='buy + sell']]
2021-12-16 11:12:551 INFO  HomePage :37 - click on search cars : Used
2021-12-16 11:12:790 INFO  NewAndUsedCarSearchPage :47 - select make : Honda
2021-12-16 11:12:965 INFO  NewAndUsedCarSearchPage :52 - select model : Accord
2021-12-16 11:12:43 INFO  NewAndUsedCarSearchPage :57 - selecting location : All
2021-12-16 11:12:403 INFO  NewAndUsedCarSearchPage :62 - selecting max price : 10,000
2021-12-16 11:12:697 INFO  NewAndUsedCarSearchPage :67 - clicking om find my next car : [[ChromeDriver: chrome on WINDOWS (0a0a8e73411a9ebdb2f1690b42ef0a68)] -> id: search-submit]
2021-12-16 11:12:816 INFO  SearchForCarsPage :29 - verifying search results : [[ChromeDriver: chrome on WINDOWS (0a0a8e73411a9ebdb2f1690b42ef0a68)] -> css selector: .listing-search-title]
2021-12-16 11:12:597 INFO  ManageDriver :30 - Launching Chrome Browser
2021-12-16 11:12:714 INFO  HomePage :32 - mouse hover on buy and sell : [[ChromeDriver: chrome on WINDOWS (65390669f9db0134a006b729dfa3aa96)] -> xpath: //a[text()='buy + sell']]
2021-12-16 11:12:577 INFO  HomePage :37 - click on search cars : Used
2021-12-16 11:12:840 INFO  NewAndUsedCarSearchPage :47 - select make : BMW
2021-12-16 11:12:136 INFO  NewAndUsedCarSearchPage :52 - select model : 5 Series
2021-12-16 11:12:892 INFO  NewAndUsedCarSearchPage :57 - selecting location : New England
2021-12-16 11:12:241 INFO  NewAndUsedCarSearchPage :62 - selecting max price : 90,000
2021-12-16 11:12:625 INFO  NewAndUsedCarSearchPage :67 - clicking om find my next car : [[ChromeDriver: chrome on WINDOWS (65390669f9db0134a006b729dfa3aa96)] -> id: search-submit]
2021-12-16 11:12:186 INFO  SearchForCarsPage :29 - verifying search results : [[ChromeDriver: chrome on WINDOWS (65390669f9db0134a006b729dfa3aa96)] -> css selector: .listing-search-title]
2021-12-16 11:12:991 INFO  ManageDriver :30 - Launching Chrome Browser
2021-12-16 11:12:323 INFO  HomePage :32 - mouse hover on buy and sell : [[ChromeDriver: chrome on WINDOWS (bb888f9fbd63a056ad37197c1cd983ef)] -> xpath: //a[text()='buy + sell']]
2021-12-16 11:12:635 INFO  HomePage :37 - click on search cars : Used
2021-12-16 11:12:943 INFO  NewAndUsedCarSearchPage :47 - select make : Mini
2021-12-16 11:12:80 INFO  NewAndUsedCarSearchPage :52 - select model : Cooper
2021-12-16 11:12:940 INFO  NewAndUsedCarSearchPage :57 - selecting location : Hunter
2021-12-16 11:12:274 INFO  NewAndUsedCarSearchPage :62 - selecting max price : 30,000
2021-12-16 11:12:681 INFO  NewAndUsedCarSearchPage :67 - clicking om find my next car : [[ChromeDriver: chrome on WINDOWS (bb888f9fbd63a056ad37197c1cd983ef)] -> id: search-submit]
2021-12-16 11:12:14 INFO  SearchForCarsPage :29 - verifying search results : [[ChromeDriver: chrome on WINDOWS (bb888f9fbd63a056ad37197c1cd983ef)] -> css selector: .listing-search-title]
2021-12-16 11:12:783 INFO  ManageDriver :30 - Launching Chrome Browser
2021-12-16 11:12:02 INFO  HomePage :32 - mouse hover on buy and sell : [[ChromeDriver: chrome on WINDOWS (b263888e2a73f55e9d8bfe23cb025da3)] -> xpath: //a[text()='buy + sell']]
2021-12-16 11:12:719 INFO  HomePage :37 - click on search cars : Used
2021-12-16 11:12:252 INFO  NewAndUsedCarSearchPage :47 - select make : Honda
2021-12-16 11:12:421 INFO  NewAndUsedCarSearchPage :52 - select model : Jazz
2021-12-16 11:12:166 INFO  NewAndUsedCarSearchPage :57 - selecting location : Far West
2021-12-16 11:12:551 INFO  NewAndUsedCarSearchPage :62 - selecting max price : 90,000
2021-12-16 11:12:911 INFO  NewAndUsedCarSearchPage :67 - clicking om find my next car : [[ChromeDriver: chrome on WINDOWS (b263888e2a73f55e9d8bfe23cb025da3)] -> id: search-submit]
2021-12-16 11:12:586 INFO  SearchForCarsPage :29 - verifying search results : [[ChromeDriver: chrome on WINDOWS (b263888e2a73f55e9d8bfe23cb025da3)] -> css selector: .listing-search-title]
2021-12-16 11:12:539 INFO  ManageDriver :30 - Launching Chrome Browser
2021-12-16 11:12:242 INFO  HomePage :32 - mouse hover on buy and sell : [[ChromeDriver: chrome on WINDOWS (d6a0587a6608a8fd368cc7aa46f526dd)] -> xpath: //a[text()='buy + sell']]
2021-12-16 11:12:188 INFO  HomePage :37 - click on search cars : Used
2021-12-16 11:12:421 INFO  NewAndUsedCarSearchPage :47 - select make : Ford
2021-12-16 11:12:566 INFO  NewAndUsedCarSearchPage :52 - select model : Fiesta
2021-12-16 11:12:348 INFO  NewAndUsedCarSearchPage :57 - selecting location : Sydney
2021-12-16 11:12:697 INFO  NewAndUsedCarSearchPage :62 - selecting max price : 20,000
2021-12-16 11:12:522 INFO  NewAndUsedCarSearchPage :67 - clicking om find my next car : [[ChromeDriver: chrome on WINDOWS (d6a0587a6608a8fd368cc7aa46f526dd)] -> id: search-submit]
2021-12-16 11:12:894 INFO  SearchForCarsPage :29 - verifying search results : [[ChromeDriver: chrome on WINDOWS (d6a0587a6608a8fd368cc7aa46f526dd)] -> css selector: .listing-search-title]
2021-12-16 11:12:219 INFO  ManageDriver :30 - Launching Chrome Browser
2021-12-16 11:12:501 INFO  HomePage :32 - mouse hover on buy and sell : [[ChromeDriver: chrome on WINDOWS (b577b43e29f9e1437f4de9189b29d87d)] -> xpath: //a[text()='buy + sell']]
2021-12-16 11:12:647 INFO  HomePage :37 - click on search cars : Find a Dealer
2021-12-16 11:12:956 INFO  ManageDriver :30 - Launching Chrome Browser
2021-12-16 11:12:865 INFO  HomePage :32 - mouse hover on buy and sell : [[ChromeDriver: chrome on WINDOWS (754b908127a833a4f46edf8e5120445b)] -> xpath: //a[text()='buy + sell']]
2021-12-16 11:12:619 INFO  HomePage :37 - click on search cars : Find a Dealer
2021-12-16 11:12:781 INFO  ManageDriver :30 - Launching Chrome Browser
2021-12-16 11:12:590 INFO  HomePage :32 - mouse hover on buy and sell : [[ChromeDriver: chrome on WINDOWS (20fe60f5c71b044669de62978ad77f37)] -> xpath: //a[text()='buy + sell']]
2021-12-16 11:12:395 INFO  HomePage :37 - click on search cars : Find a Dealer
2021-12-16 11:12:583 INFO  ManageDriver :30 - Launching Chrome Browser
2021-12-16 11:12:333 INFO  HomePage :32 - mouse hover on buy and sell : [[ChromeDriver: chrome on WINDOWS (c8eb216aa719a736ddf12296eb927f90)] -> xpath: //a[text()='buy + sell']]
2021-12-16 11:12:25 INFO  HomePage :37 - click on search cars : Find a Dealer
2021-12-16 11:12:271 INFO  ManageDriver :30 - Launching Chrome Browser
2021-12-16 11:12:659 INFO  HomePage :32 - mouse hover on buy and sell : [[ChromeDriver: chrome on WINDOWS (69aca5456b6f00ffa338d09db04c811f)] -> xpath: //a[text()='buy + sell']]
2021-12-16 11:12:107 INFO  HomePage :37 - click on search cars : Find a Dealer
2021-12-16 11:12:438 INFO  ManageDriver :30 - Launching Chrome Browser
2021-12-16 11:12:628 INFO  HomePage :32 - mouse hover on buy and sell : [[ChromeDriver: chrome on WINDOWS (00f34ca4edc6783a9b4eacc7265d2366)] -> xpath: //a[text()='buy + sell']]
2021-12-16 11:12:127 INFO  HomePage :37 - click on search cars : Find a Dealer
2021-12-16 11:12:849 INFO  ManageDriver :30 - Launching Chrome Browser
2021-12-16 11:12:704 INFO  HomePage :32 - mouse hover on buy and sell : [[ChromeDriver: chrome on WINDOWS (2d4a1bd1787e68aa0aa43de6c7e22475)] -> xpath: //a[text()='buy + sell']]
2021-12-16 11:12:346 INFO  HomePage :37 - click on search cars : Search Cars
2021-12-16 11:12:666 INFO  NewAndUsedCarSearchPage :47 - select make : Audi
2021-12-16 11:12:858 INFO  NewAndUsedCarSearchPage :52 - select model : A4
2021-12-16 11:12:727 INFO  NewAndUsedCarSearchPage :57 - selecting location : Perth
2021-12-16 11:12:134 INFO  NewAndUsedCarSearchPage :62 - selecting max price : 15,000
2021-12-16 11:12:339 INFO  NewAndUsedCarSearchPage :67 - clicking om find my next car : [[ChromeDriver: chrome on WINDOWS (2d4a1bd1787e68aa0aa43de6c7e22475)] -> id: search-submit]
2021-12-16 11:12:696 INFO  SearchForCarsPage :29 - verifying search results : [[ChromeDriver: chrome on WINDOWS (2d4a1bd1787e68aa0aa43de6c7e22475)] -> css selector: .listing-search-title]
2021-12-16 11:12:539 INFO  ManageDriver :30 - Launching Chrome Browser
2021-12-16 11:12:14 INFO  HomePage :32 - mouse hover on buy and sell : [[ChromeDriver: chrome on WINDOWS (d2d528f1f9298aa0cfaebe9c040c3135)] -> xpath: //a[text()='buy + sell']]
2021-12-16 11:12:767 INFO  HomePage :37 - click on search cars : Search Cars
2021-12-16 11:12:93 INFO  NewAndUsedCarSearchPage :47 - select make : Honda
2021-12-16 11:12:355 INFO  NewAndUsedCarSearchPage :52 - select model : Accord
2021-12-16 11:12:370 INFO  NewAndUsedCarSearchPage :57 - selecting location : All
2021-12-16 11:12:727 INFO  NewAndUsedCarSearchPage :62 - selecting max price : 7,500
2021-12-16 11:12:692 INFO  NewAndUsedCarSearchPage :67 - clicking om find my next car : [[ChromeDriver: chrome on WINDOWS (d2d528f1f9298aa0cfaebe9c040c3135)] -> id: search-submit]
2021-12-16 11:12:979 INFO  SearchForCarsPage :29 - verifying search results : [[ChromeDriver: chrome on WINDOWS (d2d528f1f9298aa0cfaebe9c040c3135)] -> css selector: .listing-search-title]
2021-12-16 11:12:775 INFO  ManageDriver :30 - Launching Chrome Browser
2021-12-16 11:12:536 INFO  HomePage :32 - mouse hover on buy and sell : [[ChromeDriver: chrome on WINDOWS (e1331841830517c40f7c74b76cb65eb3)] -> xpath: //a[text()='buy + sell']]
2021-12-16 11:12:326 INFO  HomePage :37 - click on search cars : Search Cars
2021-12-16 11:12:571 INFO  NewAndUsedCarSearchPage :47 - select make : Mitsubishi
2021-12-16 11:12:827 INFO  NewAndUsedCarSearchPage :52 - select model : Lancer
2021-12-16 11:12:703 INFO  NewAndUsedCarSearchPage :57 - selecting location : New England
2021-12-16 11:12:44 INFO  NewAndUsedCarSearchPage :62 - selecting max price : 40,000
2021-12-16 11:12:146 INFO  NewAndUsedCarSearchPage :67 - clicking om find my next car : [[ChromeDriver: chrome on WINDOWS (e1331841830517c40f7c74b76cb65eb3)] -> id: search-submit]
2021-12-16 11:12:537 INFO  SearchForCarsPage :29 - verifying search results : [[ChromeDriver: chrome on WINDOWS (e1331841830517c40f7c74b76cb65eb3)] -> css selector: .listing-search-title]
2021-12-16 11:12:387 INFO  ManageDriver :30 - Launching Chrome Browser
2021-12-16 11:12:372 INFO  HomePage :32 - mouse hover on buy and sell : [[ChromeDriver: chrome on WINDOWS (d39d5f4538fd6650d04dec3ed4b7071f)] -> xpath: //a[text()='buy + sell']]
2021-12-16 11:12:944 INFO  HomePage :37 - click on search cars : Search Cars
2021-12-16 11:12:269 INFO  NewAndUsedCarSearchPage :47 - select make : Mini
2021-12-16 11:12:438 INFO  NewAndUsedCarSearchPage :52 - select model : Cooper
2021-12-16 11:12:546 INFO  NewAndUsedCarSearchPage :57 - selecting location : All
2021-12-16 11:12:892 INFO  NewAndUsedCarSearchPage :62 - selecting max price : 30,000
2021-12-16 11:12:44 INFO  NewAndUsedCarSearchPage :67 - clicking om find my next car : [[ChromeDriver: chrome on WINDOWS (d39d5f4538fd6650d04dec3ed4b7071f)] -> id: search-submit]
2021-12-16 11:12:274 INFO  SearchForCarsPage :29 - verifying search results : [[ChromeDriver: chrome on WINDOWS (d39d5f4538fd6650d04dec3ed4b7071f)] -> css selector: .listing-search-title]
2021-12-16 11:12:93 INFO  ManageDriver :30 - Launching Chrome Browser
2021-12-16 11:12:224 INFO  HomePage :32 - mouse hover on buy and sell : [[ChromeDriver: chrome on WINDOWS (7e09d8b9c3ec6c5b35110a681156556a)] -> xpath: //a[text()='buy + sell']]
2021-12-16 11:12:927 INFO  HomePage :37 - click on search cars : Search Cars
2021-12-16 11:12:331 INFO  NewAndUsedCarSearchPage :47 - select make : Maserati
2021-12-16 11:12:442 INFO  NewAndUsedCarSearchPage :52 - select model : 3200
2021-12-16 11:12:339 INFO  NewAndUsedCarSearchPage :57 - selecting location : Melbourne
2021-12-16 11:12:667 INFO  NewAndUsedCarSearchPage :62 - selecting max price : 90,000
2021-12-16 11:12:626 INFO  NewAndUsedCarSearchPage :67 - clicking om find my next car : [[ChromeDriver: chrome on WINDOWS (7e09d8b9c3ec6c5b35110a681156556a)] -> id: search-submit]
2021-12-16 11:12:919 INFO  SearchForCarsPage :29 - verifying search results : [[ChromeDriver: chrome on WINDOWS (7e09d8b9c3ec6c5b35110a681156556a)] -> css selector: .listing-search-title]
2021-12-16 11:12:748 INFO  ManageDriver :30 - Launching Chrome Browser
2021-12-16 11:12:518 INFO  HomePage :32 - mouse hover on buy and sell : [[ChromeDriver: chrome on WINDOWS (22c6cc32f79560c0a9805a9287553024)] -> xpath: //a[text()='buy + sell']]
2021-12-16 11:12:477 INFO  HomePage :37 - click on search cars : Search Cars
2021-12-16 11:12:797 INFO  NewAndUsedCarSearchPage :47 - select make : Ford
2021-12-16 11:12:980 INFO  NewAndUsedCarSearchPage :52 - select model : Fiesta
2021-12-16 11:12:824 INFO  NewAndUsedCarSearchPage :57 - selecting location : Sydney
2021-12-16 11:12:177 INFO  NewAndUsedCarSearchPage :62 - selecting max price : 20,000
2021-12-16 11:12:894 INFO  NewAndUsedCarSearchPage :67 - clicking om find my next car : [[ChromeDriver: chrome on WINDOWS (22c6cc32f79560c0a9805a9287553024)] -> id: search-submit]
2021-12-16 11:12:159 INFO  SearchForCarsPage :29 - verifying search results : [[ChromeDriver: chrome on WINDOWS (22c6cc32f79560c0a9805a9287553024)] -> css selector: .listing-search-title]
2021-12-16 11:12:750 INFO  ManageDriver :30 - Launching Chrome Browser
2021-12-16 11:12:143 INFO  HomePage :32 - mouse hover on buy and sell : [[ChromeDriver: chrome on WINDOWS (8004b004f5e9be93a1634f935f0c40c4)] -> xpath: //a[text()='buy + sell']]
2021-12-16 11:12:470 INFO  HomePage :37 - click on search cars : Find a Dealer
2021-12-16 11:12:889 INFO  ManageDriver :30 - Launching Chrome Browser
2021-12-16 11:12:173 INFO  HomePage :32 - mouse hover on buy and sell : [[ChromeDriver: chrome on WINDOWS (743bbe12d2b38318e6754fd745d9a0b2)] -> xpath: //a[text()='buy + sell']]
2021-12-16 11:12:764 INFO  HomePage :37 - click on search cars : Find a Dealer
2021-12-16 11:12:19 INFO  ManageDriver :30 - Launching Chrome Browser
2021-12-16 11:12:919 INFO  HomePage :32 - mouse hover on buy and sell : [[ChromeDriver: chrome on WINDOWS (154516736790dbc9ba041f100eb39b19)] -> xpath: //a[text()='buy + sell']]
2021-12-16 11:12:306 INFO  HomePage :37 - click on search cars : Find a Dealer
2021-12-16 11:12:679 INFO  ManageDriver :30 - Launching Chrome Browser
2021-12-16 11:12:160 INFO  HomePage :32 - mouse hover on buy and sell : [[ChromeDriver: chrome on WINDOWS (2bf651693842771e3b77ca1058a5c310)] -> xpath: //a[text()='buy + sell']]
2021-12-16 11:12:291 INFO  HomePage :37 - click on search cars : Find a Dealer
2021-12-16 11:12:439 INFO  ManageDriver :30 - Launching Chrome Browser
2021-12-16 11:12:674 INFO  HomePage :32 - mouse hover on buy and sell : [[ChromeDriver: chrome on WINDOWS (fc98ccce2c2cc393300502f12510a3e5)] -> xpath: //a[text()='buy + sell']]
2021-12-16 11:12:594 INFO  HomePage :37 - click on search cars : Find a Dealer
2021-12-16 11:12:659 INFO  ManageDriver :30 - Launching Chrome Browser
2021-12-16 11:12:71 INFO  HomePage :32 - mouse hover on buy and sell : [[ChromeDriver: chrome on WINDOWS (cf267b12ed45b2c05991f858ae6c16c1)] -> xpath: //a[text()='buy + sell']]
2021-12-16 11:12:304 INFO  HomePage :37 - click on search cars : Find a Dealer
2021-12-16 11:12:540 INFO  ManageDriver :30 - Launching Chrome Browser
2021-12-16 11:12:747 INFO  HomePage :32 - mouse hover on buy and sell : [[ChromeDriver: chrome on WINDOWS (f58e832e36f24577b682c1b15524ede1)] -> xpath: //a[text()='buy + sell']]
2021-12-16 11:12:350 INFO  HomePage :37 - click on search cars : Search Cars
2021-12-16 11:12:693 INFO  NewAndUsedCarSearchPage :47 - select make : Audi
2021-12-16 11:12:843 INFO  NewAndUsedCarSearchPage :52 - select model : A4
2021-12-16 11:12:669 INFO  NewAndUsedCarSearchPage :57 - selecting location : Perth
2021-12-16 11:12:84 INFO  NewAndUsedCarSearchPage :62 - selecting max price : 15,000
2021-12-16 11:12:466 INFO  NewAndUsedCarSearchPage :67 - clicking om find my next car : [[ChromeDriver: chrome on WINDOWS (f58e832e36f24577b682c1b15524ede1)] -> id: search-submit]
2021-12-16 11:12:778 INFO  SearchForCarsPage :29 - verifying search results : [[ChromeDriver: chrome on WINDOWS (f58e832e36f24577b682c1b15524ede1)] -> css selector: .listing-search-title]
2021-12-16 11:12:593 INFO  ManageDriver :30 - Launching Chrome Browser
2021-12-16 11:12:900 INFO  HomePage :32 - mouse hover on buy and sell : [[ChromeDriver: chrome on WINDOWS (39372528aec5624e7b65fe5c00e94383)] -> xpath: //a[text()='buy + sell']]
2021-12-16 11:12:925 INFO  HomePage :37 - click on search cars : Search Cars
2021-12-16 11:12:281 INFO  NewAndUsedCarSearchPage :47 - select make : Honda
2021-12-16 11:12:512 INFO  NewAndUsedCarSearchPage :52 - select model : Accord
2021-12-16 11:12:494 INFO  NewAndUsedCarSearchPage :57 - selecting location : All
2021-12-16 11:12:838 INFO  NewAndUsedCarSearchPage :62 - selecting max price : 7,500
2021-12-16 11:12:342 INFO  NewAndUsedCarSearchPage :67 - clicking om find my next car : [[ChromeDriver: chrome on WINDOWS (39372528aec5624e7b65fe5c00e94383)] -> id: search-submit]
2021-12-16 11:12:408 INFO  SearchForCarsPage :29 - verifying search results : [[ChromeDriver: chrome on WINDOWS (39372528aec5624e7b65fe5c00e94383)] -> css selector: .listing-search-title]
2021-12-16 11:12:249 INFO  ManageDriver :30 - Launching Chrome Browser
2021-12-16 11:12:818 INFO  HomePage :32 - mouse hover on buy and sell : [[ChromeDriver: chrome on WINDOWS (7c47b7114992a4ea1fefed2df01280c3)] -> xpath: //a[text()='buy + sell']]
2021-12-16 11:12:501 INFO  HomePage :37 - click on search cars : Search Cars
2021-12-16 11:12:766 INFO  NewAndUsedCarSearchPage :47 - select make : Mitsubishi
2021-12-16 11:12:915 INFO  NewAndUsedCarSearchPage :52 - select model : Lancer
2021-12-16 11:12:811 INFO  NewAndUsedCarSearchPage :57 - selecting location : New England
2021-12-16 11:12:228 INFO  NewAndUsedCarSearchPage :62 - selecting max price : 40,000
2021-12-16 11:12:574 INFO  NewAndUsedCarSearchPage :67 - clicking om find my next car : [[ChromeDriver: chrome on WINDOWS (7c47b7114992a4ea1fefed2df01280c3)] -> id: search-submit]
2021-12-16 11:12:977 INFO  SearchForCarsPage :29 - verifying search results : [[ChromeDriver: chrome on WINDOWS (7c47b7114992a4ea1fefed2df01280c3)] -> css selector: .listing-search-title]
2021-12-16 11:12:784 INFO  ManageDriver :30 - Launching Chrome Browser
2021-12-16 11:12:978 INFO  HomePage :32 - mouse hover on buy and sell : [[ChromeDriver: chrome on WINDOWS (cc647e031057b8753ef89d9be32b871f)] -> xpath: //a[text()='buy + sell']]
2021-12-16 11:12:494 INFO  HomePage :37 - click on search cars : Search Cars
2021-12-16 11:12:851 INFO  NewAndUsedCarSearchPage :47 - select make : Mini
2021-12-16 11:12:970 INFO  NewAndUsedCarSearchPage :52 - select model : Cooper
2021-12-16 11:12:47 INFO  NewAndUsedCarSearchPage :57 - selecting location : All
2021-12-16 11:12:410 INFO  NewAndUsedCarSearchPage :62 - selecting max price : 30,000
2021-12-16 11:12:667 INFO  NewAndUsedCarSearchPage :67 - clicking om find my next car : [[ChromeDriver: chrome on WINDOWS (cc647e031057b8753ef89d9be32b871f)] -> id: search-submit]
2021-12-16 11:12:800 INFO  SearchForCarsPage :29 - verifying search results : [[ChromeDriver: chrome on WINDOWS (cc647e031057b8753ef89d9be32b871f)] -> css selector: .listing-search-title]
2021-12-16 11:12:671 INFO  ManageDriver :30 - Launching Chrome Browser
2021-12-16 11:12:257 INFO  HomePage :32 - mouse hover on buy and sell : [[ChromeDriver: chrome on WINDOWS (81443db4b530f582aa8a0796ad46813b)] -> xpath: //a[text()='buy + sell']]
2021-12-16 11:12:863 INFO  HomePage :37 - click on search cars : Search Cars
2021-12-16 11:12:513 INFO  NewAndUsedCarSearchPage :47 - select make : Maserati
2021-12-16 11:12:658 INFO  NewAndUsedCarSearchPage :52 - select model : 3200
2021-12-16 11:12:452 INFO  NewAndUsedCarSearchPage :57 - selecting location : Melbourne
2021-12-16 11:12:801 INFO  NewAndUsedCarSearchPage :62 - selecting max price : 90,000
2021-12-16 11:12:506 INFO  NewAndUsedCarSearchPage :67 - clicking om find my next car : [[ChromeDriver: chrome on WINDOWS (81443db4b530f582aa8a0796ad46813b)] -> id: search-submit]
2021-12-16 11:12:155 INFO  SearchForCarsPage :29 - verifying search results : [[ChromeDriver: chrome on WINDOWS (81443db4b530f582aa8a0796ad46813b)] -> css selector: .listing-search-title]
2021-12-16 11:12:00 INFO  ManageDriver :30 - Launching Chrome Browser
2021-12-16 11:12:350 INFO  HomePage :32 - mouse hover on buy and sell : [[ChromeDriver: chrome on WINDOWS (bdac564f1d021ab334c9f93efecfaeee)] -> xpath: //a[text()='buy + sell']]
2021-12-16 11:12:866 INFO  HomePage :37 - click on search cars : Search Cars
2021-12-16 11:12:279 INFO  NewAndUsedCarSearchPage :47 - select make : Ford
2021-12-16 11:12:408 INFO  NewAndUsedCarSearchPage :52 - select model : Fiesta
2021-12-16 11:12:244 INFO  NewAndUsedCarSearchPage :57 - selecting location : Sydney
2021-12-16 11:12:614 INFO  NewAndUsedCarSearchPage :62 - selecting max price : 20,000
2021-12-16 11:12:922 INFO  NewAndUsedCarSearchPage :67 - clicking om find my next car : [[ChromeDriver: chrome on WINDOWS (bdac564f1d021ab334c9f93efecfaeee)] -> id: search-submit]
2021-12-16 11:12:25 INFO  SearchForCarsPage :29 - verifying search results : [[ChromeDriver: chrome on WINDOWS (bdac564f1d021ab334c9f93efecfaeee)] -> css selector: .listing-search-title]
2021-12-16 11:12:938 INFO  ManageDriver :30 - Launching Chrome Browser
2021-12-16 11:12:90 INFO  HomePage :32 - mouse hover on buy and sell : [[ChromeDriver: chrome on WINDOWS (5fd5fd6bd8849ff62e3df3c87eb2e69c)] -> xpath: //a[text()='buy + sell']]
2021-12-16 11:12:32 INFO  HomePage :37 - click on search cars : Used
2021-12-16 11:12:400 INFO  NewAndUsedCarSearchPage :47 - select make : Audi
2021-12-16 11:12:669 INFO  NewAndUsedCarSearchPage :52 - select model : A3
2021-12-16 11:12:370 INFO  NewAndUsedCarSearchPage :57 - selecting location : Perth
2021-12-16 11:12:705 INFO  NewAndUsedCarSearchPage :62 - selecting max price : 35,000
2021-12-16 11:12:703 INFO  NewAndUsedCarSearchPage :67 - clicking om find my next car : [[ChromeDriver: chrome on WINDOWS (5fd5fd6bd8849ff62e3df3c87eb2e69c)] -> id: search-submit]
2021-12-16 11:12:45 INFO  SearchForCarsPage :29 - verifying search results : [[ChromeDriver: chrome on WINDOWS (5fd5fd6bd8849ff62e3df3c87eb2e69c)] -> css selector: .listing-search-title]
2021-12-16 11:12:858 INFO  ManageDriver :30 - Launching Chrome Browser
2021-12-16 11:12:780 INFO  HomePage :32 - mouse hover on buy and sell : [[ChromeDriver: chrome on WINDOWS (45a3e4afeb1efede8d79bae9632dd89d)] -> xpath: //a[text()='buy + sell']]
2021-12-16 11:12:976 INFO  HomePage :37 - click on search cars : Used
2021-12-16 11:12:274 INFO  NewAndUsedCarSearchPage :47 - select make : Honda
2021-12-16 11:12:372 INFO  NewAndUsedCarSearchPage :52 - select model : Accord
2021-12-16 11:12:277 INFO  NewAndUsedCarSearchPage :57 - selecting location : All
2021-12-16 11:12:634 INFO  NewAndUsedCarSearchPage :62 - selecting max price : 10,000
2021-12-16 11:12:698 INFO  NewAndUsedCarSearchPage :67 - clicking om find my next car : [[ChromeDriver: chrome on WINDOWS (45a3e4afeb1efede8d79bae9632dd89d)] -> id: search-submit]
2021-12-16 11:12:39 INFO  SearchForCarsPage :29 - verifying search results : [[ChromeDriver: chrome on WINDOWS (45a3e4afeb1efede8d79bae9632dd89d)] -> css selector: .listing-search-title]
2021-12-16 11:12:826 INFO  ManageDriver :30 - Launching Chrome Browser
2021-12-16 11:12:657 INFO  HomePage :32 - mouse hover on buy and sell : [[ChromeDriver: chrome on WINDOWS (f176afa92990c810f7f2171c99bd7b61)] -> xpath: //a[text()='buy + sell']]
2021-12-16 11:12:642 INFO  HomePage :37 - click on search cars : Used
2021-12-16 11:12:937 INFO  NewAndUsedCarSearchPage :47 - select make : BMW
2021-12-16 11:12:94 INFO  NewAndUsedCarSearchPage :52 - select model : 5 Series
2021-12-16 11:12:844 INFO  NewAndUsedCarSearchPage :57 - selecting location : New England
2021-12-16 11:12:200 INFO  NewAndUsedCarSearchPage :62 - selecting max price : 90,000
2021-12-16 11:12:394 INFO  NewAndUsedCarSearchPage :67 - clicking om find my next car : [[ChromeDriver: chrome on WINDOWS (f176afa92990c810f7f2171c99bd7b61)] -> id: search-submit]
2021-12-16 11:12:637 INFO  SearchForCarsPage :29 - verifying search results : [[ChromeDriver: chrome on WINDOWS (f176afa92990c810f7f2171c99bd7b61)] -> css selector: .listing-search-title]
2021-12-16 11:12:492 INFO  ManageDriver :30 - Launching Chrome Browser
2021-12-16 11:12:370 INFO  HomePage :32 - mouse hover on buy and sell : [[ChromeDriver: chrome on WINDOWS (5dd53492f87ac734aa6b9e4c3e820f90)] -> xpath: //a[text()='buy + sell']]
2021-12-16 11:12:262 INFO  HomePage :37 - click on search cars : Used
2021-12-16 11:12:567 INFO  NewAndUsedCarSearchPage :47 - select make : Mini
2021-12-16 11:12:667 INFO  NewAndUsedCarSearchPage :52 - select model : Cooper
2021-12-16 11:12:407 INFO  NewAndUsedCarSearchPage :57 - selecting location : Hunter
2021-12-16 11:12:747 INFO  NewAndUsedCarSearchPage :62 - selecting max price : 30,000
2021-12-16 11:12:509 INFO  NewAndUsedCarSearchPage :67 - clicking om find my next car : [[ChromeDriver: chrome on WINDOWS (5dd53492f87ac734aa6b9e4c3e820f90)] -> id: search-submit]
2021-12-16 11:12:891 INFO  SearchForCarsPage :29 - verifying search results : [[ChromeDriver: chrome on WINDOWS (5dd53492f87ac734aa6b9e4c3e820f90)] -> css selector: .listing-search-title]
2021-12-16 11:12:773 INFO  ManageDriver :30 - Launching Chrome Browser
2021-12-16 11:12:775 INFO  HomePage :32 - mouse hover on buy and sell : [[ChromeDriver: chrome on WINDOWS (033acc7ed30feb6eb3c4f9ede1b5566c)] -> xpath: //a[text()='buy + sell']]
2021-12-16 11:12:286 INFO  HomePage :37 - click on search cars : Used
2021-12-16 11:12:631 INFO  NewAndUsedCarSearchPage :47 - select make : Honda
2021-12-16 11:12:747 INFO  NewAndUsedCarSearchPage :52 - select model : Jazz
2021-12-16 11:12:445 INFO  NewAndUsedCarSearchPage :57 - selecting location : Far West
2021-12-16 11:12:792 INFO  NewAndUsedCarSearchPage :62 - selecting max price : 90,000
2021-12-16 11:12:625 INFO  NewAndUsedCarSearchPage :67 - clicking om find my next car : [[ChromeDriver: chrome on WINDOWS (033acc7ed30feb6eb3c4f9ede1b5566c)] -> id: search-submit]
2021-12-16 11:12:680 INFO  SearchForCarsPage :29 - verifying search results : [[ChromeDriver: chrome on WINDOWS (033acc7ed30feb6eb3c4f9ede1b5566c)] -> css selector: .listing-search-title]
2021-12-16 11:12:494 INFO  ManageDriver :30 - Launching Chrome Browser
2021-12-16 11:12:288 INFO  HomePage :32 - mouse hover on buy and sell : [[ChromeDriver: chrome on WINDOWS (e0b3f8dc0f1740213a4eab1b8889500d)] -> xpath: //a[text()='buy + sell']]
2021-12-16 11:12:187 INFO  HomePage :37 - click on search cars : Used
2021-12-16 11:12:550 INFO  NewAndUsedCarSearchPage :47 - select make : Ford
2021-12-16 11:12:680 INFO  NewAndUsedCarSearchPage :52 - select model : Fiesta
2021-12-16 11:12:458 INFO  NewAndUsedCarSearchPage :57 - selecting location : Sydney
2021-12-16 11:12:968 INFO  NewAndUsedCarSearchPage :62 - selecting max price : 20,000
2021-12-16 11:12:161 INFO  NewAndUsedCarSearchPage :67 - clicking om find my next car : [[ChromeDriver: chrome on WINDOWS (e0b3f8dc0f1740213a4eab1b8889500d)] -> id: search-submit]
2021-12-16 11:12:566 INFO  SearchForCarsPage :29 - verifying search results : [[ChromeDriver: chrome on WINDOWS (e0b3f8dc0f1740213a4eab1b8889500d)] -> css selector: .listing-search-title]
